Using pre-set license
Built from '2020.2/staging' branch; Version is '2020.2.0b6 (24a0f8b56f72) revision 2400504'; Using compiler version '192528614'; Build Type 'Release'
OS: 'Windows 10  (10.0.0) 64bit' Language: 'en' Physical Memory: 32687 MB
BatchMode: 1, IsHumanControllingUs: 0, StartBugReporterOnCrash: 0, Is64bit: 1, IsPro: 0

 COMMAND LINE ARGUMENTS:
D:\Unity Editors\2020.2.0b6\Editor\Unity.exe
-adb2
-batchMode
-noUpm
-name
AssetImportWorker0
-projectPath
D:/Github/Roguelike
-logFile
Logs/AssetImportWorker0.log
-srvPort
53037
Successfully changed project path to: D:/Github/Roguelike
D:/Github/Roguelike
Using Asset Import Pipeline V2.
Refreshing native plugins compatible for Editor in 51.72 ms, found 1 plugins.
Preloading 0 native plugins for Editor in 0.00 ms.
Initialize engine version: 2020.2.0b6 (24a0f8b56f72)
[Subsystems] Discovering subsystems at path D:/Unity Editors/2020.2.0b6/Editor/Data/Resources/UnitySubsystems
[Subsystems] Discovering subsystems at path D:/Github/Roguelike/Assets
GfxDevice: creating device client; threaded=0
Direct3D:
    Version:  Direct3D 11.0 [level 11.1]
    Renderer: NVIDIA GeForce RTX 2060 (ID=0x1f11)
    Vendor:   
    VRAM:     5980 MB
    Driver:   27.21.14.6089
Initialize mono
Mono path[0] = 'D:/Unity Editors/2020.2.0b6/Editor/Data/Managed'
Mono path[1] = 'D:/Unity Editors/2020.2.0b6/Editor/Data/MonoBleedingEdge/lib/mono/unityjit'
Mono config path = 'D:/Unity Editors/2020.2.0b6/Editor/Data/MonoBleedingEdge/etc'
Using monoOptions --debugger-agent=transport=dt_socket,embedding=1,server=y,suspend=n,address=127.0.0.1:56792
Begin MonoManager ReloadAssembly
Registering precompiled unity dll's ...
Register platform support module: D:/Unity Editors/2020.2.0b6/Editor/Data/PlaybackEngines/WindowsStandaloneSupport/UnityEditor.WindowsStandalone.Extensions.dll
Registered in 0.001158 seconds.
Native extension for WindowsStandalone target not found
Refreshing native plugins compatible for Editor in 47.69 ms, found 1 plugins.
Preloading 0 native plugins for Editor in 0.00 ms.
Invoked RoslynAnalysisRunner static constructor.
RoslynAnalysisRunner will not be running.
RoslynAnalysisRunner has terminated.
Mono: successfully reloaded assembly
- Completed reload, in  1.189 seconds
Platform modules already initialized, skipping
Registering precompiled user dll's ...
Registered in 0.000882 seconds.
Begin MonoManager ReloadAssembly
Symbol file LoadedFromMemory doesn't match image D:\Github\Roguelike\Library\PackageCache\com.unity.ext.nunit@1.0.0\net35\unity-custom\nunit.framework.dll
Native extension for WindowsStandalone target not found
Refreshing native plugins compatible for Editor in 48.43 ms, found 1 plugins.
Preloading 0 native plugins for Editor in 0.00 ms.
Invoked RoslynAnalysisRunner static constructor.
RoslynAnalysisRunner will not be running.
RoslynAnalysisRunner has terminated.
Mono: successfully reloaded assembly
- Completed reload, in  1.141 seconds
Platform modules already initialized, skipping
========================================================================
Worker process is ready to serve import requests
Launched and connected shader compiler UnityShaderCompiler.exe after 0.06 seconds
Refreshing native plugins compatible for Editor in 0.38 ms, found 1 plugins.
Preloading 0 native plugins for Editor in 0.00 ms.
Unloading 1789 Unused Serialized files (Serialized files now loaded: 0)
System memory in use before: 106.5 MB.
System memory in use after: 106.6 MB.

Unloading 18 unused Assets to reduce memory usage. Loaded Objects now: 2263.
Total: 2.605700 ms (FindLiveObjects: 0.413900 ms CreateObjectMapping: 0.078500 ms MarkObjects: 2.082700 ms  DeleteObjects: 0.029500 ms)

========================================================================
Received Import Request.
  path: Assets/Prefabs/Floor.prefab
  artifactKey: Guid(c5d555e5047fcd146a6c6b7c6edd8072) Importer(815301076,1909f56bfc062723c751e8b465ee728b)
Start importing Assets/Prefabs/Floor.prefab using Guid(c5d555e5047fcd146a6c6b7c6edd8072) Importer(815301076,1909f56bfc062723c751e8b465ee728b)  -> (artifact id: '2c88030b4d6b972490b2eebb931ce8dd') in 0.184582 seconds
  Import took 0.217581 seconds .

========================================================================
Received Import Request.
  Time since last request: 5.123137 seconds.
  path: Assets/Prefabs/Floor.prefab
  artifactKey: Guid(c5d555e5047fcd146a6c6b7c6edd8072) Importer(815301076,1909f56bfc062723c751e8b465ee728b)
Start importing Assets/Prefabs/Floor.prefab using Guid(c5d555e5047fcd146a6c6b7c6edd8072) Importer(815301076,1909f56bfc062723c751e8b465ee728b)  -> (artifact id: '26721c3116c8ee96368f917260930775') in 0.012879 seconds
  Import took 0.017132 seconds .

========================================================================
Received Import Request.
  Time since last request: 4.937373 seconds.
  path: Assets/Prefabs/Wall.prefab
  artifactKey: Guid(3447697fe54533c49ab73319aa05251d) Importer(815301076,1909f56bfc062723c751e8b465ee728b)
Start importing Assets/Prefabs/Wall.prefab using Guid(3447697fe54533c49ab73319aa05251d) Importer(815301076,1909f56bfc062723c751e8b465ee728b)  -> (artifact id: 'a54fb5e6442bbe75d14e38260a79e0e9') in 0.020484 seconds
  Import took 0.038901 seconds .

========================================================================
Received Import Request.
  Time since last request: 0.045315 seconds.
  path: Assets/Prefabs/Wall.prefab
  artifactKey: Guid(3447697fe54533c49ab73319aa05251d) Importer(815301076,1909f56bfc062723c751e8b465ee728b)
Start importing Assets/Prefabs/Wall.prefab using Guid(3447697fe54533c49ab73319aa05251d) Importer(815301076,1909f56bfc062723c751e8b465ee728b)  -> (artifact id: 'a54fb5e6442bbe75d14e38260a79e0e9') in 0.012606 seconds
  Import took 0.016911 seconds .

========================================================================
Received Import Request.
  Time since last request: 6.366070 seconds.
  path: Assets/Prefabs/Wall.prefab
  artifactKey: Guid(3447697fe54533c49ab73319aa05251d) Importer(815301076,1909f56bfc062723c751e8b465ee728b)
Start importing Assets/Prefabs/Wall.prefab using Guid(3447697fe54533c49ab73319aa05251d) Importer(815301076,1909f56bfc062723c751e8b465ee728b)  -> (artifact id: '0973e02408e893ed0b84717745064073') in 0.009162 seconds
  Import took 0.013407 seconds .

========================================================================
Received Import Request.
  Time since last request: 0.002404 seconds.
  path: Assets/Prefabs/Wall.prefab
  artifactKey: Guid(3447697fe54533c49ab73319aa05251d) Importer(815301076,1909f56bfc062723c751e8b465ee728b)
Start importing Assets/Prefabs/Wall.prefab using Guid(3447697fe54533c49ab73319aa05251d) Importer(815301076,1909f56bfc062723c751e8b465ee728b)  -> (artifact id: '0973e02408e893ed0b84717745064073') in 0.009246 seconds
  Import took 0.013393 seconds .

========================================================================
Received Prepare
Reloading mono domain
Begin MonoManager ReloadAssembly
Registering precompiled unity dll's ...
Register platform support module: D:/Unity Editors/2020.2.0b6/Editor/Data/PlaybackEngines/WindowsStandaloneSupport/UnityEditor.WindowsStandalone.Extensions.dll
Registered in 0.001122 seconds.
Symbol file LoadedFromMemory doesn't match image D:\Github\Roguelike\Library\PackageCache\com.unity.ext.nunit@1.0.0\net35\unity-custom\nunit.framework.dll
Native extension for WindowsStandalone target not found
Refreshing native plugins compatible for Editor in 49.20 ms, found 1 plugins.
Preloading 0 native plugins for Editor in 0.00 ms.
Invoked RoslynAnalysisRunner static constructor.
RoslynAnalysisRunner will not be running.
RoslynAnalysisRunner has terminated.
Mono: successfully reloaded assembly
- Completed reload, in  1.077 seconds
Platform modules already initialized, skipping
Registering precompiled user dll's ...
Registered in 0.000925 seconds.
Begin MonoManager ReloadAssembly
Symbol file LoadedFromMemory doesn't match image D:\Github\Roguelike\Library\PackageCache\com.unity.ext.nunit@1.0.0\net35\unity-custom\nunit.framework.dll
Native extension for WindowsStandalone target not found
Refreshing native plugins compatible for Editor in 0.39 ms, found 1 plugins.
Preloading 0 native plugins for Editor in 0.00 ms.
Invoked RoslynAnalysisRunner static constructor.
RoslynAnalysisRunner will not be running.
RoslynAnalysisRunner has terminated.
Mono: successfully reloaded assembly
- Completed reload, in  1.041 seconds
Platform modules already initialized, skipping
Refreshing native plugins compatible for Editor in 0.39 ms, found 1 plugins.
Preloading 0 native plugins for Editor in 0.00 ms.
Unloading 9 Unused Serialized files (Serialized files now loaded: 0)
System memory in use before: 74.5 MB.
System memory in use after: 74.6 MB.

Unloading 8 unused Assets to reduce memory usage. Loaded Objects now: 2274.
Total: 2.745700 ms (FindLiveObjects: 0.361300 ms CreateObjectMapping: 0.099600 ms MarkObjects: 2.267000 ms  DeleteObjects: 0.016800 ms)

========================================================================
Received Import Request.
  Time since last request: 27.067125 seconds.
  path: Assets/Prefabs/Wall.prefab
  artifactKey: Guid(3447697fe54533c49ab73319aa05251d) Importer(815301076,1909f56bfc062723c751e8b465ee728b)
Start importing Assets/Prefabs/Wall.prefab using Guid(3447697fe54533c49ab73319aa05251d) Importer(815301076,1909f56bfc062723c751e8b465ee728b)  -> (artifact id: '0660c0f2ac7910e56698161138b2f0dc') in 0.065178 seconds
  Import took 0.069391 seconds .

========================================================================
Received Import Request.
  Time since last request: 5.483710 seconds.
  path: Assets/Prefabs/Wall.prefab
  artifactKey: Guid(3447697fe54533c49ab73319aa05251d) Importer(815301076,1909f56bfc062723c751e8b465ee728b)
Start importing Assets/Prefabs/Wall.prefab using Guid(3447697fe54533c49ab73319aa05251d) Importer(815301076,1909f56bfc062723c751e8b465ee728b)  -> (artifact id: '852f5c666d75e2f99d5fce1790382396') in 0.009512 seconds
  Import took 0.013762 seconds .

========================================================================
Received Import Request.
  Time since last request: 0.058149 seconds.
  path: Assets/Prefabs/Wall.prefab
  artifactKey: Guid(3447697fe54533c49ab73319aa05251d) Importer(815301076,1909f56bfc062723c751e8b465ee728b)
Start importing Assets/Prefabs/Wall.prefab using Guid(3447697fe54533c49ab73319aa05251d) Importer(815301076,1909f56bfc062723c751e8b465ee728b)  -> (artifact id: '852f5c666d75e2f99d5fce1790382396') in 0.009595 seconds
  Import took 0.014109 seconds .

========================================================================
Received Import Request.
  Time since last request: 4.438937 seconds.
  path: Assets/Prefabs/Floor.prefab
  artifactKey: Guid(c5d555e5047fcd146a6c6b7c6edd8072) Importer(815301076,1909f56bfc062723c751e8b465ee728b)
Start importing Assets/Prefabs/Floor.prefab using Guid(c5d555e5047fcd146a6c6b7c6edd8072) Importer(815301076,1909f56bfc062723c751e8b465ee728b)  -> (artifact id: '2add26702f05462dcdaf1e507ab7a854') in 0.009622 seconds
  Import took 0.013893 seconds .

========================================================================
Received Import Request.
  Time since last request: 0.068624 seconds.
  path: Assets/Prefabs/Floor.prefab
  artifactKey: Guid(c5d555e5047fcd146a6c6b7c6edd8072) Importer(815301076,1909f56bfc062723c751e8b465ee728b)
Start importing Assets/Prefabs/Floor.prefab using Guid(c5d555e5047fcd146a6c6b7c6edd8072) Importer(815301076,1909f56bfc062723c751e8b465ee728b)  -> (artifact id: '2add26702f05462dcdaf1e507ab7a854') in 0.010433 seconds
  Import took 0.015427 seconds .

========================================================================
Received Import Request.
  Time since last request: 51.958791 seconds.
  path: Assets/Scenes/SampleScene.unity
  artifactKey: Guid(2cda990e2423bbf4892e6590ba056729) Importer(815301076,1909f56bfc062723c751e8b465ee728b)
Start importing Assets/Scenes/SampleScene.unity using Guid(2cda990e2423bbf4892e6590ba056729) Importer(815301076,1909f56bfc062723c751e8b465ee728b)  -> (artifact id: 'ec97d5633f54571b9849126b825012e7') in 0.006641 seconds
  Import took 0.010892 seconds .

========================================================================
Received Prepare
Reloading mono domain
Begin MonoManager ReloadAssembly
Registering precompiled unity dll's ...
Register platform support module: D:/Unity Editors/2020.2.0b6/Editor/Data/PlaybackEngines/WindowsStandaloneSupport/UnityEditor.WindowsStandalone.Extensions.dll
Registered in 0.001120 seconds.
Symbol file LoadedFromMemory doesn't match image D:\Github\Roguelike\Library\PackageCache\com.unity.ext.nunit@1.0.0\net35\unity-custom\nunit.framework.dll
Native extension for WindowsStandalone target not found
Refreshing native plugins compatible for Editor in 46.53 ms, found 1 plugins.
Preloading 0 native plugins for Editor in 0.00 ms.
Invoked RoslynAnalysisRunner static constructor.
RoslynAnalysisRunner will not be running.
RoslynAnalysisRunner has terminated.
Mono: successfully reloaded assembly
- Completed reload, in  1.115 seconds
Platform modules already initialized, skipping
Registering precompiled user dll's ...
Registered in 0.000908 seconds.
Begin MonoManager ReloadAssembly
Symbol file LoadedFromMemory doesn't match image D:\Github\Roguelike\Library\PackageCache\com.unity.ext.nunit@1.0.0\net35\unity-custom\nunit.framework.dll
Native extension for WindowsStandalone target not found
Refreshing native plugins compatible for Editor in 0.39 ms, found 1 plugins.
Preloading 0 native plugins for Editor in 0.00 ms.
Invoked RoslynAnalysisRunner static constructor.
RoslynAnalysisRunner will not be running.
RoslynAnalysisRunner has terminated.
Mono: successfully reloaded assembly
- Completed reload, in  1.074 seconds
Platform modules already initialized, skipping
Refreshing native plugins compatible for Editor in 0.29 ms, found 1 plugins.
Preloading 0 native plugins for Editor in 0.00 ms.
Unloading 9 Unused Serialized files (Serialized files now loaded: 0)
System memory in use before: 75.5 MB.
System memory in use after: 75.6 MB.

Unloading 8 unused Assets to reduce memory usage. Loaded Objects now: 2279.
Total: 7.355600 ms (FindLiveObjects: 0.784100 ms CreateObjectMapping: 0.227500 ms MarkObjects: 6.289000 ms  DeleteObjects: 0.051700 ms)

========================================================================
Received Import Request.
  Time since last request: 23.672523 seconds.
  path: Assets/Prefabs/Wall.prefab
  artifactKey: Guid(3447697fe54533c49ab73319aa05251d) Importer(815301076,1909f56bfc062723c751e8b465ee728b)
Start importing Assets/Prefabs/Wall.prefab using Guid(3447697fe54533c49ab73319aa05251d) Importer(815301076,1909f56bfc062723c751e8b465ee728b)  -> (artifact id: 'cd39dfef81f13e40634445c7a46535ff') in 0.071463 seconds
  Import took 0.074565 seconds .

========================================================================
Received Import Request.
  Time since last request: 9.569831 seconds.
  path: Assets/Prefabs/Floor.prefab
  artifactKey: Guid(c5d555e5047fcd146a6c6b7c6edd8072) Importer(815301076,1909f56bfc062723c751e8b465ee728b)
Start importing Assets/Prefabs/Floor.prefab using Guid(c5d555e5047fcd146a6c6b7c6edd8072) Importer(815301076,1909f56bfc062723c751e8b465ee728b)  -> (artifact id: '4f5d7e4d2332a19a8b038348a2e6c112') in 0.016701 seconds
  Import took 0.024935 seconds .

========================================================================
Received Import Request.
  Time since last request: 0.026388 seconds.
  path: Assets/Prefabs/Floor.prefab
  artifactKey: Guid(c5d555e5047fcd146a6c6b7c6edd8072) Importer(815301076,1909f56bfc062723c751e8b465ee728b)
Start importing Assets/Prefabs/Floor.prefab using Guid(c5d555e5047fcd146a6c6b7c6edd8072) Importer(815301076,1909f56bfc062723c751e8b465ee728b)  -> (artifact id: '4f5d7e4d2332a19a8b038348a2e6c112') in 0.022677 seconds
  Import took 0.030038 seconds .

========================================================================
Received Prepare
Reloading mono domain
Begin MonoManager ReloadAssembly
Registering precompiled unity dll's ...
Register platform support module: D:/Unity Editors/2020.2.0b6/Editor/Data/PlaybackEngines/WindowsStandaloneSupport/UnityEditor.WindowsStandalone.Extensions.dll
Registered in 0.000700 seconds.
Symbol file LoadedFromMemory doesn't match image D:\Github\Roguelike\Library\PackageCache\com.unity.ext.nunit@1.0.0\net35\unity-custom\nunit.framework.dll
Native extension for WindowsStandalone target not found
Refreshing native plugins compatible for Editor in 29.68 ms, found 1 plugins.
Preloading 0 native plugins for Editor in 0.00 ms.
Invoked RoslynAnalysisRunner static constructor.
RoslynAnalysisRunner will not be running.
RoslynAnalysisRunner has terminated.
Mono: successfully reloaded assembly
- Completed reload, in  0.819 seconds
Platform modules already initialized, skipping
Registering precompiled user dll's ...
Registered in 0.000617 seconds.
Begin MonoManager ReloadAssembly
Symbol file LoadedFromMemory doesn't match image D:\Github\Roguelike\Library\PackageCache\com.unity.ext.nunit@1.0.0\net35\unity-custom\nunit.framework.dll
Native extension for WindowsStandalone target not found
Refreshing native plugins compatible for Editor in 0.30 ms, found 1 plugins.
Preloading 0 native plugins for Editor in 0.00 ms.
Invoked RoslynAnalysisRunner static constructor.
RoslynAnalysisRunner will not be running.
RoslynAnalysisRunner has terminated.
Mono: successfully reloaded assembly
- Completed reload, in  0.750 seconds
Platform modules already initialized, skipping
Refreshing native plugins compatible for Editor in 1.20 ms, found 1 plugins.
Preloading 0 native plugins for Editor in 0.00 ms.
Unloading 9 Unused Serialized files (Serialized files now loaded: 0)
System memory in use before: 75.5 MB.
System memory in use after: 75.7 MB.

Unloading 8 unused Assets to reduce memory usage. Loaded Objects now: 2284.
Total: 2.054600 ms (FindLiveObjects: 0.303200 ms CreateObjectMapping: 0.067300 ms MarkObjects: 1.669600 ms  DeleteObjects: 0.013600 ms)

========================================================================
Received Import Request.
  Time since last request: 76.912370 seconds.
  path: Assets/Prefabs/tiles3.prefab
  artifactKey: Guid(b0d04d1814bdf6f458b50e38234a3b50) Importer(815301076,1909f56bfc062723c751e8b465ee728b)
Start importing Assets/Prefabs/tiles3.prefab using Guid(b0d04d1814bdf6f458b50e38234a3b50) Importer(815301076,1909f56bfc062723c751e8b465ee728b)  -> (artifact id: 'bdea056e8d772db536ccd7a8932ee0f3') in 0.063521 seconds
  Import took 0.071368 seconds .

========================================================================
Received Import Request.
  Time since last request: 12.525903 seconds.
  path: Assets/Prefabs/WallSprite1.prefab
  artifactKey: Guid(b50b5ab8d415a214db17419dad0f1c21) Importer(815301076,1909f56bfc062723c751e8b465ee728b)
Start importing Assets/Prefabs/WallSprite1.prefab using Guid(b50b5ab8d415a214db17419dad0f1c21) Importer(815301076,1909f56bfc062723c751e8b465ee728b)  -> (artifact id: '8f4fe2316296aee11aa185b79dfa11f8') in 0.021274 seconds
  Import took 0.027431 seconds .

========================================================================
Received Import Request.
  Time since last request: 0.034299 seconds.
  path: Assets/Prefabs/WallSprite1.prefab
  artifactKey: Guid(b50b5ab8d415a214db17419dad0f1c21) Importer(815301076,1909f56bfc062723c751e8b465ee728b)
Start importing Assets/Prefabs/WallSprite1.prefab using Guid(b50b5ab8d415a214db17419dad0f1c21) Importer(815301076,1909f56bfc062723c751e8b465ee728b)  -> (artifact id: '8f4fe2316296aee11aa185b79dfa11f8') in 0.020172 seconds
  Import took 0.027512 seconds .

========================================================================
Received Import Request.
  Time since last request: 15.441648 seconds.
  path: Assets/Prefabs/WallSprite1.prefab
  artifactKey: Guid(b50b5ab8d415a214db17419dad0f1c21) Importer(815301076,1909f56bfc062723c751e8b465ee728b)
Start importing Assets/Prefabs/WallSprite1.prefab using Guid(b50b5ab8d415a214db17419dad0f1c21) Importer(815301076,1909f56bfc062723c751e8b465ee728b)  -> (artifact id: '58d5309059ec28c684b536dcf8cd8bb0') in 0.016997 seconds
  Import took 0.040261 seconds .

========================================================================
Received Import Request.
  Time since last request: 0.012939 seconds.
  path: Assets/Prefabs/WallSprite1.prefab
  artifactKey: Guid(b50b5ab8d415a214db17419dad0f1c21) Importer(815301076,1909f56bfc062723c751e8b465ee728b)
Start importing Assets/Prefabs/WallSprite1.prefab using Guid(b50b5ab8d415a214db17419dad0f1c21) Importer(815301076,1909f56bfc062723c751e8b465ee728b)  -> (artifact id: '58d5309059ec28c684b536dcf8cd8bb0') in 0.007041 seconds
  Import took 0.010281 seconds .

========================================================================
Received Import Request.
  Time since last request: 8.939096 seconds.
  path: Assets/Prefabs/WallSprite1.prefab
  artifactKey: Guid(b50b5ab8d415a214db17419dad0f1c21) Importer(815301076,1909f56bfc062723c751e8b465ee728b)
Start importing Assets/Prefabs/WallSprite1.prefab using Guid(b50b5ab8d415a214db17419dad0f1c21) Importer(815301076,1909f56bfc062723c751e8b465ee728b)  -> (artifact id: '241973a6cec6be944cac275729dac31b') in 0.021420 seconds
  Import took 0.028569 seconds .

========================================================================
Received Import Request.
  Time since last request: 0.040837 seconds.
  path: Assets/Prefabs/WallSprite1.prefab
  artifactKey: Guid(b50b5ab8d415a214db17419dad0f1c21) Importer(815301076,1909f56bfc062723c751e8b465ee728b)
Start importing Assets/Prefabs/WallSprite1.prefab using Guid(b50b5ab8d415a214db17419dad0f1c21) Importer(815301076,1909f56bfc062723c751e8b465ee728b)  -> (artifact id: '241973a6cec6be944cac275729dac31b') in 0.007068 seconds
  Import took 0.010240 seconds .

========================================================================
Received Import Request.
  Time since last request: 7.469012 seconds.
  path: Assets/Prefabs/tiles3.prefab
  artifactKey: Guid(b0d04d1814bdf6f458b50e38234a3b50) Importer(815301076,1909f56bfc062723c751e8b465ee728b)
Start importing Assets/Prefabs/tiles3.prefab using Guid(b0d04d1814bdf6f458b50e38234a3b50) Importer(815301076,1909f56bfc062723c751e8b465ee728b)  -> (artifact id: 'db8260ed0e4a758035680496405c9687') in 0.012630 seconds
  Import took 0.015864 seconds .

========================================================================
Received Import Request.
  Time since last request: 0.044458 seconds.
  path: Assets/Prefabs/tiles3.prefab
  artifactKey: Guid(b0d04d1814bdf6f458b50e38234a3b50) Importer(815301076,1909f56bfc062723c751e8b465ee728b)
Start importing Assets/Prefabs/tiles3.prefab using Guid(b0d04d1814bdf6f458b50e38234a3b50) Importer(815301076,1909f56bfc062723c751e8b465ee728b)  -> (artifact id: 'db8260ed0e4a758035680496405c9687') in 0.014795 seconds
  Import took 0.022033 seconds .

========================================================================
Received Prepare
Reloading mono domain
Begin MonoManager ReloadAssembly
Registering precompiled unity dll's ...
Register platform support module: D:/Unity Editors/2020.2.0b6/Editor/Data/PlaybackEngines/WindowsStandaloneSupport/UnityEditor.WindowsStandalone.Extensions.dll
Registered in 0.000741 seconds.
Symbol file LoadedFromMemory doesn't match image D:\Github\Roguelike\Library\PackageCache\com.unity.ext.nunit@1.0.0\net35\unity-custom\nunit.framework.dll
Native extension for WindowsStandalone target not found
Refreshing native plugins compatible for Editor in 30.41 ms, found 1 plugins.
Preloading 0 native plugins for Editor in 0.00 ms.
Invoked RoslynAnalysisRunner static constructor.
RoslynAnalysisRunner will not be running.
RoslynAnalysisRunner has terminated.
Mono: successfully reloaded assembly
- Completed reload, in  0.887 seconds
Platform modules already initialized, skipping
Registering precompiled user dll's ...
Registered in 0.000621 seconds.
Begin MonoManager ReloadAssembly
Symbol file LoadedFromMemory doesn't match image D:\Github\Roguelike\Library\PackageCache\com.unity.ext.nunit@1.0.0\net35\unity-custom\nunit.framework.dll
Native extension for WindowsStandalone target not found
Refreshing native plugins compatible for Editor in 0.30 ms, found 1 plugins.
Preloading 0 native plugins for Editor in 0.00 ms.
Invoked RoslynAnalysisRunner static constructor.
RoslynAnalysisRunner will not be running.
RoslynAnalysisRunner has terminated.
Mono: successfully reloaded assembly
- Completed reload, in  0.805 seconds
Platform modules already initialized, skipping
Refreshing native plugins compatible for Editor in 1.08 ms, found 1 plugins.
Preloading 0 native plugins for Editor in 0.00 ms.
Unloading 9 Unused Serialized files (Serialized files now loaded: 0)
System memory in use before: 75.6 MB.
System memory in use after: 75.7 MB.

Unloading 8 unused Assets to reduce memory usage. Loaded Objects now: 2289.
Total: 7.439300 ms (FindLiveObjects: 0.869300 ms CreateObjectMapping: 0.276500 ms MarkObjects: 6.224100 ms  DeleteObjects: 0.065100 ms)

========================================================================
Received Prepare
Reloading mono domain
Begin MonoManager ReloadAssembly
Registering precompiled unity dll's ...
Register platform support module: D:/Unity Editors/2020.2.0b6/Editor/Data/PlaybackEngines/WindowsStandaloneSupport/UnityEditor.WindowsStandalone.Extensions.dll
Registered in 0.000709 seconds.
Symbol file LoadedFromMemory doesn't match image D:\Github\Roguelike\Library\PackageCache\com.unity.ext.nunit@1.0.0\net35\unity-custom\nunit.framework.dll
Native extension for WindowsStandalone target not found
Refreshing native plugins compatible for Editor in 29.46 ms, found 1 plugins.
Preloading 0 native plugins for Editor in 0.00 ms.
Invoked RoslynAnalysisRunner static constructor.
RoslynAnalysisRunner will not be running.
RoslynAnalysisRunner has terminated.
Mono: successfully reloaded assembly
- Completed reload, in  0.852 seconds
Platform modules already initialized, skipping
Registering precompiled user dll's ...
Registered in 0.000603 seconds.
Begin MonoManager ReloadAssembly
Symbol file LoadedFromMemory doesn't match image D:\Github\Roguelike\Library\PackageCache\com.unity.ext.nunit@1.0.0\net35\unity-custom\nunit.framework.dll
Native extension for WindowsStandalone target not found
Refreshing native plugins compatible for Editor in 0.29 ms, found 1 plugins.
Preloading 0 native plugins for Editor in 0.00 ms.
Invoked RoslynAnalysisRunner static constructor.
RoslynAnalysisRunner will not be running.
RoslynAnalysisRunner has terminated.
Mono: successfully reloaded assembly
- Completed reload, in  0.769 seconds
Platform modules already initialized, skipping
Refreshing native plugins compatible for Editor in 0.30 ms, found 1 plugins.
Preloading 0 native plugins for Editor in 0.00 ms.
Unloading 9 Unused Serialized files (Serialized files now loaded: 0)
System memory in use before: 75.6 MB.
System memory in use after: 75.7 MB.

Unloading 8 unused Assets to reduce memory usage. Loaded Objects now: 2293.
Total: 4.961500 ms (FindLiveObjects: 0.313700 ms CreateObjectMapping: 0.076400 ms MarkObjects: 4.516200 ms  DeleteObjects: 0.053400 ms)

========================================================================
Received Import Request.
  Time since last request: 42.108345 seconds.
  path: Assets/Prefabs/tiles3.prefab
  artifactKey: Guid(b0d04d1814bdf6f458b50e38234a3b50) Importer(815301076,1909f56bfc062723c751e8b465ee728b)
Start importing Assets/Prefabs/tiles3.prefab using Guid(b0d04d1814bdf6f458b50e38234a3b50) Importer(815301076,1909f56bfc062723c751e8b465ee728b)  -> (artifact id: '45666dfdb270ade4207aec814e4c8437') in 0.075091 seconds
  Import took 0.078160 seconds .

========================================================================
Received Import Request.
  Time since last request: 2.237136 seconds.
  path: Assets/Prefabs/tiles3.prefab
  artifactKey: Guid(b0d04d1814bdf6f458b50e38234a3b50) Importer(815301076,1909f56bfc062723c751e8b465ee728b)
Start importing Assets/Prefabs/tiles3.prefab using Guid(b0d04d1814bdf6f458b50e38234a3b50) Importer(815301076,1909f56bfc062723c751e8b465ee728b)  -> (artifact id: '6c198d7606fdebed7b31d0e2faa0ad3d') in 0.011129 seconds
  Import took 0.014546 seconds .

========================================================================
Received Import Request.
  Time since last request: 10.209513 seconds.
  path: Assets/Prefabs/WallSprite1.prefab
  artifactKey: Guid(b50b5ab8d415a214db17419dad0f1c21) Importer(815301076,1909f56bfc062723c751e8b465ee728b)
Start importing Assets/Prefabs/WallSprite1.prefab using Guid(b50b5ab8d415a214db17419dad0f1c21) Importer(815301076,1909f56bfc062723c751e8b465ee728b)  -> (artifact id: '0bffe2640b991dc42b5e3b40c61d26fc') in 0.010098 seconds
  Import took 0.015083 seconds .

========================================================================
Received Import Request.
  Time since last request: 0.034167 seconds.
  path: Assets/Prefabs/WallSprite1.prefab
  artifactKey: Guid(b50b5ab8d415a214db17419dad0f1c21) Importer(815301076,1909f56bfc062723c751e8b465ee728b)
Start importing Assets/Prefabs/WallSprite1.prefab using Guid(b50b5ab8d415a214db17419dad0f1c21) Importer(815301076,1909f56bfc062723c751e8b465ee728b)  -> (artifact id: '0bffe2640b991dc42b5e3b40c61d26fc') in 0.008081 seconds
  Import took 0.018472 seconds .

========================================================================
Received Prepare
Reloading mono domain
Begin MonoManager ReloadAssembly
Registering precompiled unity dll's ...
Register platform support module: D:/Unity Editors/2020.2.0b6/Editor/Data/PlaybackEngines/WindowsStandaloneSupport/UnityEditor.WindowsStandalone.Extensions.dll
Registered in 0.000763 seconds.
Symbol file LoadedFromMemory doesn't match image D:\Github\Roguelike\Library\PackageCache\com.unity.ext.nunit@1.0.0\net35\unity-custom\nunit.framework.dll
Native extension for WindowsStandalone target not found
Refreshing native plugins compatible for Editor in 30.94 ms, found 1 plugins.
Preloading 0 native plugins for Editor in 0.00 ms.
Invoked RoslynAnalysisRunner static constructor.
RoslynAnalysisRunner will not be running.
RoslynAnalysisRunner has terminated.
Mono: successfully reloaded assembly
- Completed reload, in  0.909 seconds
Platform modules already initialized, skipping
Registering precompiled user dll's ...
Registered in 0.000625 seconds.
Begin MonoManager ReloadAssembly
Symbol file LoadedFromMemory doesn't match image D:\Github\Roguelike\Library\PackageCache\com.unity.ext.nunit@1.0.0\net35\unity-custom\nunit.framework.dll
Native extension for WindowsStandalone target not found
Refreshing native plugins compatible for Editor in 0.29 ms, found 1 plugins.
Preloading 0 native plugins for Editor in 0.00 ms.
Invoked RoslynAnalysisRunner static constructor.
RoslynAnalysisRunner will not be running.
RoslynAnalysisRunner has terminated.
Mono: successfully reloaded assembly
- Completed reload, in  0.875 seconds
Platform modules already initialized, skipping
Refreshing native plugins compatible for Editor in 1.02 ms, found 1 plugins.
Preloading 0 native plugins for Editor in 0.00 ms.
Unloading 9 Unused Serialized files (Serialized files now loaded: 0)
System memory in use before: 75.6 MB.
System memory in use after: 75.7 MB.

Unloading 8 unused Assets to reduce memory usage. Loaded Objects now: 2298.
Total: 1.817100 ms (FindLiveObjects: 0.296700 ms CreateObjectMapping: 0.074300 ms MarkObjects: 1.432900 ms  DeleteObjects: 0.012400 ms)

========================================================================
Received Import Request.
  Time since last request: 7.495879 seconds.
  path: Assets/Prefabs/WallSprite1.prefab
  artifactKey: Guid(b50b5ab8d415a214db17419dad0f1c21) Importer(815301076,1909f56bfc062723c751e8b465ee728b)
Start importing Assets/Prefabs/WallSprite1.prefab using Guid(b50b5ab8d415a214db17419dad0f1c21) Importer(815301076,1909f56bfc062723c751e8b465ee728b)  -> (artifact id: '8b010073f7b096272bfbf5f08ca91bc1') in 0.055643 seconds
  Import took 0.058722 seconds .

========================================================================
Received Import Request.
  Time since last request: 0.005362 seconds.
  path: Assets/Prefabs/WallSprite1.prefab
  artifactKey: Guid(b50b5ab8d415a214db17419dad0f1c21) Importer(815301076,1909f56bfc062723c751e8b465ee728b)
Start importing Assets/Prefabs/WallSprite1.prefab using Guid(b50b5ab8d415a214db17419dad0f1c21) Importer(815301076,1909f56bfc062723c751e8b465ee728b)  -> (artifact id: '8b010073f7b096272bfbf5f08ca91bc1') in 0.007435 seconds
  Import took 0.010476 seconds .

========================================================================
Received Import Request.
  Time since last request: 4.407150 seconds.
  path: Assets/Prefabs/WallSprite1.prefab
  artifactKey: Guid(b50b5ab8d415a214db17419dad0f1c21) Importer(815301076,1909f56bfc062723c751e8b465ee728b)
Start importing Assets/Prefabs/WallSprite1.prefab using Guid(b50b5ab8d415a214db17419dad0f1c21) Importer(815301076,1909f56bfc062723c751e8b465ee728b)  -> (artifact id: '3a20f328f69d7b071585760c020cbe41') in 0.029436 seconds
  Import took 0.037970 seconds .

========================================================================
Received Import Request.
  Time since last request: 4.468710 seconds.
  path: Assets/Prefabs/WallSprite1.prefab
  artifactKey: Guid(b50b5ab8d415a214db17419dad0f1c21) Importer(815301076,1909f56bfc062723c751e8b465ee728b)
Start importing Assets/Prefabs/WallSprite1.prefab using Guid(b50b5ab8d415a214db17419dad0f1c21) Importer(815301076,1909f56bfc062723c751e8b465ee728b)  -> (artifact id: '631c6593020410a2fc54e8cfbed9c686') in 0.011428 seconds
  Import took 0.015188 seconds .

========================================================================
Received Import Request.
  Time since last request: 4.203447 seconds.
  path: Assets/Prefabs/WallSprite1.prefab
  artifactKey: Guid(b50b5ab8d415a214db17419dad0f1c21) Importer(815301076,1909f56bfc062723c751e8b465ee728b)
Start importing Assets/Prefabs/WallSprite1.prefab using Guid(b50b5ab8d415a214db17419dad0f1c21) Importer(815301076,1909f56bfc062723c751e8b465ee728b)  -> (artifact id: '04717ebab8f2dbf29c892e9156660606') in 0.007451 seconds
  Import took 0.010450 seconds .

========================================================================
Received Import Request.
  Time since last request: 0.021869 seconds.
  path: Assets/Prefabs/WallSprite1.prefab
  artifactKey: Guid(b50b5ab8d415a214db17419dad0f1c21) Importer(815301076,1909f56bfc062723c751e8b465ee728b)
Start importing Assets/Prefabs/WallSprite1.prefab using Guid(b50b5ab8d415a214db17419dad0f1c21) Importer(815301076,1909f56bfc062723c751e8b465ee728b)  -> (artifact id: '04717ebab8f2dbf29c892e9156660606') in 0.009028 seconds
  Import took 0.016261 seconds .

========================================================================
Received Prepare
Reloading mono domain
Begin MonoManager ReloadAssembly
Registering precompiled unity dll's ...
Register platform support module: D:/Unity Editors/2020.2.0b6/Editor/Data/PlaybackEngines/WindowsStandaloneSupport/UnityEditor.WindowsStandalone.Extensions.dll
Registered in 0.000689 seconds.
Symbol file LoadedFromMemory doesn't match image D:\Github\Roguelike\Library\PackageCache\com.unity.ext.nunit@1.0.0\net35\unity-custom\nunit.framework.dll
Native extension for WindowsStandalone target not found
Refreshing native plugins compatible for Editor in 30.08 ms, found 1 plugins.
Preloading 0 native plugins for Editor in 0.00 ms.
Invoked RoslynAnalysisRunner static constructor.
RoslynAnalysisRunner will not be running.
RoslynAnalysisRunner has terminated.
Mono: successfully reloaded assembly
- Completed reload, in  0.921 seconds
Platform modules already initialized, skipping
Registering precompiled user dll's ...
Registered in 0.000625 seconds.
Begin MonoManager ReloadAssembly
Symbol file LoadedFromMemory doesn't match image D:\Github\Roguelike\Library\PackageCache\com.unity.ext.nunit@1.0.0\net35\unity-custom\nunit.framework.dll
Native extension for WindowsStandalone target not found
Refreshing native plugins compatible for Editor in 0.29 ms, found 1 plugins.
Preloading 0 native plugins for Editor in 0.00 ms.
Invoked RoslynAnalysisRunner static constructor.
RoslynAnalysisRunner will not be running.
RoslynAnalysisRunner has terminated.
Mono: successfully reloaded assembly
- Completed reload, in  0.925 seconds
Platform modules already initialized, skipping
Refreshing native plugins compatible for Editor in 0.30 ms, found 1 plugins.
Preloading 0 native plugins for Editor in 0.00 ms.
Unloading 9 Unused Serialized files (Serialized files now loaded: 0)
System memory in use before: 75.6 MB.
System memory in use after: 75.7 MB.

Unloading 8 unused Assets to reduce memory usage. Loaded Objects now: 2303.
Total: 6.285300 ms (FindLiveObjects: 0.550400 ms CreateObjectMapping: 0.275200 ms MarkObjects: 5.411300 ms  DeleteObjects: 0.045600 ms)

========================================================================
Received Prepare
Reloading mono domain
Begin MonoManager ReloadAssembly
Registering precompiled unity dll's ...
Register platform support module: D:/Unity Editors/2020.2.0b6/Editor/Data/PlaybackEngines/WindowsStandaloneSupport/UnityEditor.WindowsStandalone.Extensions.dll
Registered in 0.000684 seconds.
Symbol file LoadedFromMemory doesn't match image D:\Github\Roguelike\Library\PackageCache\com.unity.ext.nunit@1.0.0\net35\unity-custom\nunit.framework.dll
Native extension for WindowsStandalone target not found
Refreshing native plugins compatible for Editor in 30.53 ms, found 1 plugins.
Preloading 0 native plugins for Editor in 0.00 ms.
Invoked RoslynAnalysisRunner static constructor.
RoslynAnalysisRunner will not be running.
RoslynAnalysisRunner has terminated.
Mono: successfully reloaded assembly
- Completed reload, in  0.936 seconds
Platform modules already initialized, skipping
Registering precompiled user dll's ...
Registered in 0.000736 seconds.
Begin MonoManager ReloadAssembly
Symbol file LoadedFromMemory doesn't match image D:\Github\Roguelike\Library\PackageCache\com.unity.ext.nunit@1.0.0\net35\unity-custom\nunit.framework.dll
Native extension for WindowsStandalone target not found
Refreshing native plugins compatible for Editor in 0.31 ms, found 1 plugins.
Preloading 0 native plugins for Editor in 0.00 ms.
Invoked RoslynAnalysisRunner static constructor.
RoslynAnalysisRunner will not be running.
RoslynAnalysisRunner has terminated.
Mono: successfully reloaded assembly
- Completed reload, in  0.938 seconds
Platform modules already initialized, skipping
Refreshing native plugins compatible for Editor in 0.30 ms, found 1 plugins.
Preloading 0 native plugins for Editor in 0.00 ms.
Unloading 9 Unused Serialized files (Serialized files now loaded: 0)
System memory in use before: 75.6 MB.
System memory in use after: 75.7 MB.

Unloading 8 unused Assets to reduce memory usage. Loaded Objects now: 2307.
Total: 6.956500 ms (FindLiveObjects: 0.955100 ms CreateObjectMapping: 0.293800 ms MarkObjects: 5.654000 ms  DeleteObjects: 0.050500 ms)

========================================================================
Received Prepare
Reloading mono domain
Begin MonoManager ReloadAssembly
Registering precompiled unity dll's ...
Register platform support module: D:/Unity Editors/2020.2.0b6/Editor/Data/PlaybackEngines/WindowsStandaloneSupport/UnityEditor.WindowsStandalone.Extensions.dll
Registered in 0.000705 seconds.
Symbol file LoadedFromMemory doesn't match image D:\Github\Roguelike\Library\PackageCache\com.unity.ext.nunit@1.0.0\net35\unity-custom\nunit.framework.dll
Native extension for WindowsStandalone target not found
Refreshing native plugins compatible for Editor in 30.18 ms, found 1 plugins.
Preloading 0 native plugins for Editor in 0.00 ms.
Invoked RoslynAnalysisRunner static constructor.
RoslynAnalysisRunner will not be running.
RoslynAnalysisRunner has terminated.
Mono: successfully reloaded assembly
- Completed reload, in  0.967 seconds
Platform modules already initialized, skipping
Registering precompiled user dll's ...
Registered in 0.000619 seconds.
Begin MonoManager ReloadAssembly
Symbol file LoadedFromMemory doesn't match image D:\Github\Roguelike\Library\PackageCache\com.unity.ext.nunit@1.0.0\net35\unity-custom\nunit.framework.dll
Native extension for WindowsStandalone target not found
Refreshing native plugins compatible for Editor in 0.30 ms, found 1 plugins.
Preloading 0 native plugins for Editor in 0.00 ms.
Invoked RoslynAnalysisRunner static constructor.
RoslynAnalysisRunner will not be running.
RoslynAnalysisRunner has terminated.
Mono: successfully reloaded assembly
- Completed reload, in  0.974 seconds
Platform modules already initialized, skipping
Refreshing native plugins compatible for Editor in 1.03 ms, found 1 plugins.
Preloading 0 native plugins for Editor in 0.00 ms.
Unloading 9 Unused Serialized files (Serialized files now loaded: 0)
System memory in use before: 75.6 MB.
System memory in use after: 75.7 MB.

Unloading 8 unused Assets to reduce memory usage. Loaded Objects now: 2311.
Total: 7.483700 ms (FindLiveObjects: 0.883500 ms CreateObjectMapping: 0.244800 ms MarkObjects: 6.301000 ms  DeleteObjects: 0.051200 ms)

========================================================================
Received Prepare
Reloading mono domain
Begin MonoManager ReloadAssembly
Registering precompiled unity dll's ...
Register platform support module: D:/Unity Editors/2020.2.0b6/Editor/Data/PlaybackEngines/WindowsStandaloneSupport/UnityEditor.WindowsStandalone.Extensions.dll
Registered in 0.000679 seconds.
Symbol file LoadedFromMemory doesn't match image D:\Github\Roguelike\Library\PackageCache\com.unity.ext.nunit@1.0.0\net35\unity-custom\nunit.framework.dll
Native extension for WindowsStandalone target not found
Refreshing native plugins compatible for Editor in 29.70 ms, found 1 plugins.
Preloading 0 native plugins for Editor in 0.00 ms.
Invoked RoslynAnalysisRunner static constructor.
RoslynAnalysisRunner will not be running.
RoslynAnalysisRunner has terminated.
Mono: successfully reloaded assembly
- Completed reload, in  1.014 seconds
Platform modules already initialized, skipping
Registering precompiled user dll's ...
Registered in 0.000613 seconds.
Begin MonoManager ReloadAssembly
Symbol file LoadedFromMemory doesn't match image D:\Github\Roguelike\Library\PackageCache\com.unity.ext.nunit@1.0.0\net35\unity-custom\nunit.framework.dll
Native extension for WindowsStandalone target not found
Refreshing native plugins compatible for Editor in 0.30 ms, found 1 plugins.
Preloading 0 native plugins for Editor in 0.00 ms.
Invoked RoslynAnalysisRunner static constructor.
RoslynAnalysisRunner will not be running.
RoslynAnalysisRunner has terminated.
Mono: successfully reloaded assembly
- Completed reload, in  1.053 seconds
Platform modules already initialized, skipping
Refreshing native plugins compatible for Editor in 0.30 ms, found 1 plugins.
Preloading 0 native plugins for Editor in 0.00 ms.
Unloading 9 Unused Serialized files (Serialized files now loaded: 0)
System memory in use before: 75.7 MB.
System memory in use after: 75.8 MB.

Unloading 8 unused Assets to reduce memory usage. Loaded Objects now: 2315.
Total: 1.918000 ms (FindLiveObjects: 0.322700 ms CreateObjectMapping: 0.075200 ms MarkObjects: 1.507400 ms  DeleteObjects: 0.012000 ms)

========================================================================
Received Prepare
Reloading mono domain
Begin MonoManager ReloadAssembly
Registering precompiled unity dll's ...
Register platform support module: D:/Unity Editors/2020.2.0b6/Editor/Data/PlaybackEngines/WindowsStandaloneSupport/UnityEditor.WindowsStandalone.Extensions.dll
Registered in 0.000692 seconds.
Symbol file LoadedFromMemory doesn't match image D:\Github\Roguelike\Library\PackageCache\com.unity.ext.nunit@1.0.0\net35\unity-custom\nunit.framework.dll
Native extension for WindowsStandalone target not found
Refreshing native plugins compatible for Editor in 30.57 ms, found 1 plugins.
Preloading 0 native plugins for Editor in 0.00 ms.
Invoked RoslynAnalysisRunner static constructor.
RoslynAnalysisRunner will not be running.
RoslynAnalysisRunner has terminated.
Mono: successfully reloaded assembly
- Completed reload, in  1.054 seconds
Platform modules already initialized, skipping
Registering precompiled user dll's ...
Registered in 0.000624 seconds.
Begin MonoManager ReloadAssembly
Symbol file LoadedFromMemory doesn't match image D:\Github\Roguelike\Library\PackageCache\com.unity.ext.nunit@1.0.0\net35\unity-custom\nunit.framework.dll
Native extension for WindowsStandalone target not found
Refreshing native plugins compatible for Editor in 0.30 ms, found 1 plugins.
Preloading 0 native plugins for Editor in 0.00 ms.
Invoked RoslynAnalysisRunner static constructor.
RoslynAnalysisRunner will not be running.
RoslynAnalysisRunner has terminated.
Mono: successfully reloaded assembly
- Completed reload, in  1.050 seconds
Platform modules already initialized, skipping
Refreshing native plugins compatible for Editor in 1.03 ms, found 1 plugins.
Preloading 0 native plugins for Editor in 0.00 ms.
Unloading 9 Unused Serialized files (Serialized files now loaded: 0)
System memory in use before: 75.7 MB.
System memory in use after: 75.8 MB.

Unloading 8 unused Assets to reduce memory usage. Loaded Objects now: 2319.
Total: 5.782300 ms (FindLiveObjects: 0.297500 ms CreateObjectMapping: 0.053100 ms MarkObjects: 5.376500 ms  DeleteObjects: 0.053400 ms)

========================================================================
Received Prepare
Reloading mono domain
Begin MonoManager ReloadAssembly
Registering precompiled unity dll's ...
Register platform support module: D:/Unity Editors/2020.2.0b6/Editor/Data/PlaybackEngines/WindowsStandaloneSupport/UnityEditor.WindowsStandalone.Extensions.dll
Registered in 0.003399 seconds.
Symbol file LoadedFromMemory doesn't match image D:\Github\Roguelike\Library\PackageCache\com.unity.ext.nunit@1.0.0\net35\unity-custom\nunit.framework.dll
Native extension for WindowsStandalone target not found
Refreshing native plugins compatible for Editor in 30.51 ms, found 1 plugins.
Preloading 0 native plugins for Editor in 0.00 ms.
Invoked RoslynAnalysisRunner static constructor.
RoslynAnalysisRunner will not be running.
RoslynAnalysisRunner has terminated.
Mono: successfully reloaded assembly
- Completed reload, in  1.079 seconds
Platform modules already initialized, skipping
Registering precompiled user dll's ...
Registered in 0.000635 seconds.
Begin MonoManager ReloadAssembly
Symbol file LoadedFromMemory doesn't match image D:\Github\Roguelike\Library\PackageCache\com.unity.ext.nunit@1.0.0\net35\unity-custom\nunit.framework.dll
Native extension for WindowsStandalone target not found
Refreshing native plugins compatible for Editor in 0.30 ms, found 1 plugins.
Preloading 0 native plugins for Editor in 0.00 ms.
Invoked RoslynAnalysisRunner static constructor.
RoslynAnalysisRunner will not be running.
RoslynAnalysisRunner has terminated.
Mono: successfully reloaded assembly
- Completed reload, in  1.065 seconds
Platform modules already initialized, skipping
Refreshing native plugins compatible for Editor in 0.30 ms, found 1 plugins.
Preloading 0 native plugins for Editor in 0.00 ms.
Unloading 9 Unused Serialized files (Serialized files now loaded: 0)
System memory in use before: 75.7 MB.
System memory in use after: 75.8 MB.

Unloading 8 unused Assets to reduce memory usage. Loaded Objects now: 2323.
Total: 6.416600 ms (FindLiveObjects: 0.839000 ms CreateObjectMapping: 0.267000 ms MarkObjects: 5.260900 ms  DeleteObjects: 0.047800 ms)

========================================================================
Received Prepare
Reloading mono domain
Begin MonoManager ReloadAssembly
Registering precompiled unity dll's ...
Register platform support module: D:/Unity Editors/2020.2.0b6/Editor/Data/PlaybackEngines/WindowsStandaloneSupport/UnityEditor.WindowsStandalone.Extensions.dll
Registered in 0.000795 seconds.
Symbol file LoadedFromMemory doesn't match image D:\Github\Roguelike\Library\PackageCache\com.unity.ext.nunit@1.0.0\net35\unity-custom\nunit.framework.dll
Native extension for WindowsStandalone target not found
Refreshing native plugins compatible for Editor in 29.91 ms, found 1 plugins.
Preloading 0 native plugins for Editor in 0.00 ms.
Invoked RoslynAnalysisRunner static constructor.
RoslynAnalysisRunner will not be running.
RoslynAnalysisRunner has terminated.
Mono: successfully reloaded assembly
- Completed reload, in  1.122 seconds
Platform modules already initialized, skipping
Registering precompiled user dll's ...
Registered in 0.000611 seconds.
Begin MonoManager ReloadAssembly
Symbol file LoadedFromMemory doesn't match image D:\Github\Roguelike\Library\PackageCache\com.unity.ext.nunit@1.0.0\net35\unity-custom\nunit.framework.dll
Native extension for WindowsStandalone target not found
Refreshing native plugins compatible for Editor in 0.30 ms, found 1 plugins.
Preloading 0 native plugins for Editor in 0.00 ms.
Invoked RoslynAnalysisRunner static constructor.
RoslynAnalysisRunner will not be running.
RoslynAnalysisRunner has terminated.
Mono: successfully reloaded assembly
- Completed reload, in  1.081 seconds
Platform modules already initialized, skipping
Refreshing native plugins compatible for Editor in 0.31 ms, found 1 plugins.
Preloading 0 native plugins for Editor in 0.00 ms.
Unloading 9 Unused Serialized files (Serialized files now loaded: 0)
System memory in use before: 75.7 MB.
System memory in use after: 75.8 MB.

Unloading 8 unused Assets to reduce memory usage. Loaded Objects now: 2327.
Total: 2.198900 ms (FindLiveObjects: 0.318500 ms CreateObjectMapping: 0.097600 ms MarkObjects: 1.767100 ms  DeleteObjects: 0.014800 ms)

========================================================================
Received Prepare
Reloading mono domain
Begin MonoManager ReloadAssembly
Registering precompiled unity dll's ...
Register platform support module: D:/Unity Editors/2020.2.0b6/Editor/Data/PlaybackEngines/WindowsStandaloneSupport/UnityEditor.WindowsStandalone.Extensions.dll
Registered in 0.000683 seconds.
Symbol file LoadedFromMemory doesn't match image D:\Github\Roguelike\Library\PackageCache\com.unity.ext.nunit@1.0.0\net35\unity-custom\nunit.framework.dll
Native extension for WindowsStandalone target not found
Refreshing native plugins compatible for Editor in 54.85 ms, found 1 plugins.
Preloading 0 native plugins for Editor in 0.00 ms.
Invoked RoslynAnalysisRunner static constructor.
RoslynAnalysisRunner will not be running.
RoslynAnalysisRunner has terminated.
Mono: successfully reloaded assembly
- Completed reload, in  1.181 seconds
Platform modules already initialized, skipping
Registering precompiled user dll's ...
Registered in 0.000576 seconds.
Begin MonoManager ReloadAssembly
Symbol file LoadedFromMemory doesn't match image D:\Github\Roguelike\Library\PackageCache\com.unity.ext.nunit@1.0.0\net35\unity-custom\nunit.framework.dll
Native extension for WindowsStandalone target not found
Refreshing native plugins compatible for Editor in 0.29 ms, found 1 plugins.
Preloading 0 native plugins for Editor in 0.00 ms.
Invoked RoslynAnalysisRunner static constructor.
RoslynAnalysisRunner will not be running.
RoslynAnalysisRunner has terminated.
Mono: successfully reloaded assembly
- Completed reload, in  1.038 seconds
Platform modules already initialized, skipping
Refreshing native plugins compatible for Editor in 0.31 ms, found 1 plugins.
Preloading 0 native plugins for Editor in 0.00 ms.
Unloading 9 Unused Serialized files (Serialized files now loaded: 0)
System memory in use before: 75.7 MB.
System memory in use after: 75.8 MB.

Unloading 8 unused Assets to reduce memory usage. Loaded Objects now: 2331.
Total: 1.967600 ms (FindLiveObjects: 0.314200 ms CreateObjectMapping: 0.078300 ms MarkObjects: 1.561500 ms  DeleteObjects: 0.012700 ms)

AssetImportWorkerClient::OnTransportError - code=2 error=End of file
